2024-09-28 09:56:12.313 [info] Default formatter is set to null for workspace /home/azehagowa
2024-09-28 09:56:12.313 [info] Test server listening.
2024-09-28 09:56:12.313 [info] > conda info --json
2024-09-28 09:56:12.313 [info] > hatch env show --json
2024-09-28 09:56:12.313 [info] cwd: .
2024-09-28 09:56:12.313 [info] > pyenv which python
2024-09-28 09:56:12.313 [info] cwd: .
2024-09-28 09:56:12.328 [info] Found: /bin/python --> /usr/bin/python3.10
2024-09-28 09:56:12.338 [info] Found: /bin/python2 --> /bin/python2.7
2024-09-28 09:56:12.338 [info] Found: /bin/python2.7 --> /bin/python2.7
2024-09-28 09:56:12.340 [info] Found: /bin/python3 --> /bin/python3.10
2024-09-28 09:56:12.342 [info] Found: /bin/python3.10 --> /bin/python3.10
2024-09-28 09:56:12.429 [info] Found: /usr/bin/python --> /usr/bin/python3.10
2024-09-28 09:56:12.429 [info] Found: /usr/bin/python2 --> /usr/bin/python2.7
2024-09-28 09:56:12.430 [info] Found: /usr/bin/python2.7 --> /usr/bin/python2.7
2024-09-28 09:56:12.431 [info] Found: /usr/bin/python3 --> /usr/bin/python3.10
2024-09-28 09:56:12.431 [info] Found: /usr/bin/python3.10 --> /usr/bin/python3.10
2024-09-28 09:56:12.505 [info] > /bin/python -I /google/devshell/editor/code-oss-for-cloud-shell/extensions/ms-python.python/python_files/get_output_via_markers.py /google/devshell/editor/code-oss-for-cloud-shell/extensions/ms-python.python/python_files/interpreterInfo.py
2024-09-28 09:56:12.584 [info] > /bin/python2 -I /google/devshell/editor/code-oss-for-cloud-shell/extensions/ms-python.python/python_files/get_output_via_markers.py /google/devshell/editor/code-oss-for-cloud-shell/extensions/ms-python.python/python_files/interpreterInfo.py
2024-09-28 09:56:12.647 [info] > /bin/python3 -I /google/devshell/editor/code-oss-for-cloud-shell/extensions/ms-python.python/python_files/get_output_via_markers.py /google/devshell/editor/code-oss-for-cloud-shell/extensions/ms-python.python/python_files/interpreterInfo.py
2024-09-28 09:56:12.656 [warning] Error: Command failed: /bin/python2 -I /google/devshell/editor/code-oss-for-cloud-shell/extensions/ms-python.python/python_files/get_output_via_markers.py /google/devshell/editor/code-oss-for-cloud-shell/extensions/ms-python.python/python_files/interpreterInfo.py
Unknown option: -I
usage: /bin/python2 [option] ... [-c cmd | -m mod | file | -] [arg] ...
Try `python -h' for more information.

    at ChildProcess.exithandler (node:child_process:422:12)
    at ChildProcess.emit (node:events:529:35)
    at maybeClose (node:internal/child_process:1098:16)
    at Process.ChildProcess._handle.onexit (node:internal/child_process:303:5) {
  code: 2,
  killed: false,
  signal: null,
  cmd: '/bin/python2 -I /google/devshell/editor/code-oss-for-cloud-shell/extensions/ms-python.python/python_files/get_output_via_markers.py /google/devshell/editor/code-oss-for-cloud-shell/extensions/ms-python.python/python_files/interpreterInfo.py'
}
2024-09-28 09:56:12.659 [error] Support for Python 2.7 has been dropped by the Python extension so certain features may not work, upgrade to using Python 3.
2024-09-28 09:56:12.717 [info] > /bin/python2 /google/devshell/editor/code-oss-for-cloud-shell/extensions/ms-python.python/python_files/get_output_via_markers.py /google/devshell/editor/code-oss-for-cloud-shell/extensions/ms-python.python/python_files/interpreterInfo.py
2024-09-28 09:56:12.818 [info] > /usr/bin/python2 -I /google/devshell/editor/code-oss-for-cloud-shell/extensions/ms-python.python/python_files/get_output_via_markers.py /google/devshell/editor/code-oss-for-cloud-shell/extensions/ms-python.python/python_files/interpreterInfo.py
2024-09-28 09:56:12.845 [warning] Error: Command failed: /usr/bin/python2 -I /google/devshell/editor/code-oss-for-cloud-shell/extensions/ms-python.python/python_files/get_output_via_markers.py /google/devshell/editor/code-oss-for-cloud-shell/extensions/ms-python.python/python_files/interpreterInfo.py
Unknown option: -I
usage: /usr/bin/python2 [option] ... [-c cmd | -m mod | file | -] [arg] ...
Try `python -h' for more information.

    at ChildProcess.exithandler (node:child_process:422:12)
    at ChildProcess.emit (node:events:529:35)
    at maybeClose (node:internal/child_process:1098:16)
    at Process.ChildProcess._handle.onexit (node:internal/child_process:303:5) {
  code: 2,
  killed: false,
  signal: null,
  cmd: '/usr/bin/python2 -I /google/devshell/editor/code-oss-for-cloud-shell/extensions/ms-python.python/python_files/get_output_via_markers.py /google/devshell/editor/code-oss-for-cloud-shell/extensions/ms-python.python/python_files/interpreterInfo.py'
}
2024-09-28 09:56:12.845 [error] Support for Python 2.7 has been dropped by the Python extension so certain features may not work, upgrade to using Python 3.
2024-09-28 09:56:12.900 [info] > /usr/bin/python2 /google/devshell/editor/code-oss-for-cloud-shell/extensions/ms-python.python/python_files/get_output_via_markers.py /google/devshell/editor/code-oss-for-cloud-shell/extensions/ms-python.python/python_files/interpreterInfo.py
2024-09-28 09:56:13.032 [info] Python interpreter path: /bin/python
2024-09-28 09:56:16.825 [info] Starting Jedi language server for azehagowa.
2024-09-28 10:10:14.345 [info] Discover tests for workspace name: azehagowa - uri: /home/azehagowa
2024-09-28 10:11:25.432 [info] Discover tests for workspace name: azehagowa - uri: /home/azehagowa
2024-09-28 10:11:25.432 [info] Discover tests for workspace name: azehagowa - uri: /home/azehagowa
2024-09-28 10:11:25.433 [info] Discover tests for workspace name: azehagowa - uri: /home/azehagowa
2024-09-28 10:17:10.145 [info] Discover tests for workspace name: undefined - uri: /User/settings.json
2024-09-28 10:30:30.624 [info] Discover tests for workspace name: undefined - uri: /User/settings.json
