Initializing document watcher...
Document watcher initialized
/User/settings.json: Using EditorConfig core...
azehagowa/.gitconfig: {}
azehagowa/.gitconfig: Using EditorConfig core...
azehagowa/.gitconfig: Using EditorConfig core...
azehagowa/.gitconfig: Using EditorConfig core...
azehagowa/.env: {}
azehagowa/.bashrc: {}
azehagowa/.bash_history: {}
azehagowa/Untitled-1: {}
azehagowa/.bash_history: {}
azehagowa/.bash_history: {}
azehagowa/.bash_history: {}
azehagowa/.bash_history: {}
azehagowa/.bash_history: {}
azehagowa/.bash_history: {}
azehagowa/.bash_history: {}
azehagowa/.bash_history: {}
azehagowa/.bash_history: {}
