[Trace - 1:34:27 PM] Sending request 'initialize - (0)'.
Params: {
    "processId": 2212,
    "clientInfo": {
        "name": "Code OSS for Cloud Shell",
        "version": "1.89.1"
    },
    "locale": "en",
    "rootPath": "/home/azehagowa",
    "rootUri": "file:///home/azehagowa",
    "capabilities": {
        "workspace": {
            "applyEdit": true,
            "workspaceEdit": {
                "documentChanges": true,
                "resourceOperations": [
                    "create",
                    "rename",
                    "delete"
                ],
                "failureHandling": "textOnlyTransactional",
                "normalizesLineEndings": true,
                "changeAnnotationSupport": {
                    "groupsOnLabel": true
                }
            },
            "configuration": true,
            "didChangeWatchedFiles": {
                "dynamicRegistration": true,
                "relativePatternSupport": true
            },
            "symbol": {
                "dynamicRegistration": true,
                "symbolKind": {
                    "valueSet": [
                        1,
                        2,
                        3,
                        4,
                        5,
                        6,
                        7,
                        8,
                        9,
                        10,
                        11,
                        12,
                        13,
                        14,
                        15,
                        16,
                        17,
                        18,
                        19,
                        20,
                        21,
                        22,
                        23,
                        24,
                        25,
                        26
                    ]
                },
                "tagSupport": {
                    "valueSet": [
                        1
                    ]
                },
                "resolveSupport": {
                    "properties": [
                        "location.range"
                    ]
                }
            },
            "codeLens": {
                "refreshSupport": true
            },
            "executeCommand": {
                "dynamicRegistration": true
            },
            "didChangeConfiguration": {
                "dynamicRegistration": true
            },
            "workspaceFolders": true,
            "foldingRange": {
                "refreshSupport": true
            },
            "semanticTokens": {
                "refreshSupport": true
            },
            "fileOperations": {
                "dynamicRegistration": true,
                "didCreate": true,
                "didRename": true,
                "didDelete": true,
                "willCreate": true,
                "willRename": true,
                "willDelete": true
            },
            "inlineValue": {
                "refreshSupport": true
            },
            "inlayHint": {
                "refreshSupport": true
            },
            "diagnostics": {
                "refreshSupport": true
            }
        },
        "textDocument": {
            "publishDiagnostics": {
                "relatedInformation": true,
                "versionSupport": false,
                "tagSupport": {
                    "valueSet": [
                        1,
                        2
                    ]
                },
                "codeDescriptionSupport": true,
                "dataSupport": true
            },
            "synchronization": {
                "dynamicRegistration": true,
                "willSave": true,
                "willSaveWaitUntil": true,
                "didSave": true
            },
            "completion": {
                "dynamicRegistration": true,
                "contextSupport": true,
                "completionItem": {
                    "snippetSupport": true,
                    "commitCharactersSupport": true,
                    "documentationFormat": [
                        "markdown",
                        "plaintext"
                    ],
                    "deprecatedSupport": true,
                    "preselectSupport": true,
                    "tagSupport": {
                        "valueSet": [
                            1
                        ]
                    },
                    "insertReplaceSupport": true,
                    "resolveSupport": {
                        "properties": [
                            "documentation",
                            "detail",
                            "additionalTextEdits"
                        ]
                    },
                    "insertTextModeSupport": {
                        "valueSet": [
                            1,
                            2
                        ]
                    },
                    "labelDetailsSupport": true
                },
                "insertTextMode": 2,
                "completionItemKind": {
                    "valueSet": [
                        1,
                        2,
                        3,
                        4,
                        5,
                        6,
                        7,
                        8,
                        9,
                        10,
                        11,
                        12,
                        13,
                        14,
                        15,
                        16,
                        17,
                        18,
                        19,
                        20,
                        21,
                        22,
                        23,
                        24,
                        25
                    ]
                },
                "completionList": {
                    "itemDefaults": [
                        "commitCharacters",
                        "editRange",
                        "insertTextFormat",
                        "insertTextMode",
                        "data"
                    ]
                }
            },
            "hover": {
                "dynamicRegistration": true,
                "contentFormat": [
                    "markdown",
                    "plaintext"
                ]
            },
            "signatureHelp": {
                "dynamicRegistration": true,
                "signatureInformation": {
                    "documentationFormat": [
                        "markdown",
                        "plaintext"
                    ],
                    "parameterInformation": {
                        "labelOffsetSupport": true
                    },
                    "activeParameterSupport": true
                },
                "contextSupport": true
            },
            "definition": {
                "dynamicRegistration": true,
                "linkSupport": true
            },
            "references": {
                "dynamicRegistration": true
            },
            "documentHighlight": {
                "dynamicRegistration": true
            },
            "documentSymbol": {
                "dynamicRegistration": true,
                "symbolKind": {
                    "valueSet": [
                        1,
                        2,
                        3,
                        4,
                        5,
                        6,
                        7,
                        8,
                        9,
                        10,
                        11,
                        12,
                        13,
                        14,
                        15,
                        16,
                        17,
                        18,
                        19,
                        20,
                        21,
                        22,
                        23,
                        24,
                        25,
                        26
                    ]
                },
                "hierarchicalDocumentSymbolSupport": true,
                "tagSupport": {
                    "valueSet": [
                        1
                    ]
                },
                "labelSupport": true
            },
            "codeAction": {
                "dynamicRegistration": true,
                "isPreferredSupport": true,
                "disabledSupport": true,
                "dataSupport": true,
                "resolveSupport": {
                    "properties": [
                        "edit"
                    ]
                },
                "codeActionLiteralSupport": {
                    "codeActionKind": {
                        "valueSet": [
                            "",
                            "quickfix",
                            "refactor",
                            "refactor.extract",
                            "refactor.inline",
                            "refactor.rewrite",
                            "source",
                            "source.organizeImports"
                        ]
                    }
                },
                "honorsChangeAnnotations": true
            },
            "codeLens": {
                "dynamicRegistration": true
            },
            "formatting": {
                "dynamicRegistration": true
            },
            "rangeFormatting": {
                "dynamicRegistration": true,
                "rangesSupport": true
            },
            "onTypeFormatting": {
                "dynamicRegistration": true
            },
            "rename": {
                "dynamicRegistration": true,
                "prepareSupport": true,
                "prepareSupportDefaultBehavior": 1,
                "honorsChangeAnnotations": true
            },
            "documentLink": {
                "dynamicRegistration": true,
                "tooltipSupport": true
            },
            "typeDefinition": {
                "dynamicRegistration": true,
                "linkSupport": true
            },
            "implementation": {
                "dynamicRegistration": true,
                "linkSupport": true
            },
            "colorProvider": {
                "dynamicRegistration": true
            },
            "foldingRange": {
                "dynamicRegistration": true,
                "rangeLimit": 5000,
                "lineFoldingOnly": true,
                "foldingRangeKind": {
                    "valueSet": [
                        "comment",
                        "imports",
                        "region"
                    ]
                },
                "foldingRange": {
                    "collapsedText": false
                }
            },
            "declaration": {
                "dynamicRegistration": true,
                "linkSupport": true
            },
            "selectionRange": {
                "dynamicRegistration": true
            },
            "callHierarchy": {
                "dynamicRegistration": true
            },
            "semanticTokens": {
                "dynamicRegistration": true,
                "tokenTypes": [
                    "namespace",
                    "type",
                    "class",
                    "enum",
                    "interface",
                    "struct",
                    "typeParameter",
                    "parameter",
                    "variable",
                    "property",
                    "enumMember",
                    "event",
                    "function",
                    "method",
                    "macro",
                    "keyword",
                    "modifier",
                    "comment",
                    "string",
                    "number",
                    "regexp",
                    "operator",
                    "decorator"
                ],
                "tokenModifiers": [
                    "declaration",
                    "definition",
                    "readonly",
                    "static",
                    "deprecated",
                    "abstract",
                    "async",
                    "modification",
                    "documentation",
                    "defaultLibrary"
                ],
                "formats": [
                    "relative"
                ],
                "requests": {
                    "range": true,
                    "full": {
                        "delta": true
                    }
                },
                "multilineTokenSupport": false,
                "overlappingTokenSupport": false,
                "serverCancelSupport": true,
                "augmentsSyntaxTokens": true
            },
            "linkedEditingRange": {
                "dynamicRegistration": true
            },
            "typeHierarchy": {
                "dynamicRegistration": true
            },
            "inlineValue": {
                "dynamicRegistration": true
            },
            "inlayHint": {
                "dynamicRegistration": true,
                "resolveSupport": {
                    "properties": [
                        "tooltip",
                        "textEdits",
                        "label.tooltip",
                        "label.location",
                        "label.command"
                    ]
                }
            },
            "diagnostic": {
                "dynamicRegistration": true,
                "relatedDocumentSupport": false
            }
        },
        "window": {
            "showMessage": {
                "messageActionItem": {
                    "additionalPropertiesSupport": true
                }
            },
            "showDocument": {
                "support": true
            },
            "workDoneProgress": true
        },
        "general": {
            "staleRequestSupport": {
                "cancel": true,
                "retryOnContentModified": [
                    "textDocument/semanticTokens/full",
                    "textDocument/semanticTokens/range",
                    "textDocument/semanticTokens/full/delta"
                ]
            },
            "regularExpressions": {
                "engine": "ECMAScript",
                "version": "ES2020"
            },
            "markdown": {
                "parser": "marked",
                "version": "1.1.0"
            },
            "positionEncodings": [
                "utf-16"
            ]
        },
        "notebookDocument": {
            "synchronization": {
                "dynamicRegistration": true,
                "executionSummarySupport": true
            }
        }
    },
    "trace": "verbose",
    "workspaceFolders": [
        {
            "uri": "file:///home/azehagowa",
            "name": "azehagowa"
        }
    ]
}


[Trace - 1:34:38 PM] Received response 'initialize - (0)' in 11023ms.
Result: {
    "capabilities": {
        "textDocumentSync": 1,
        "completionProvider": {
            "triggerCharacters": [
                " "
            ],
            "resolveProvider": true
        },
        "hoverProvider": true,
        "documentSymbolProvider": true,
        "documentFormattingProvider": true,
        "definitionProvider": true,
        "documentLinkProvider": {
            "resolveProvider": false
        },
        "codeLensProvider": {
            "resolveProvider": false
        }
    }
}


[Trace - 1:34:38 PM] Sending notification 'initialized'.
Params: {}


[Trace - 1:34:39 PM] Sending notification 'workspace/didChangeConfiguration'.
Params: {
    "settings": {
        "cloudcode": {
            "yaml": {
                "trace": {
                    "server": "verbose"
                },
                "schemas": {},
                "format": {
                    "enable": true,
                    "singleQuote": true,
                    "bracketSpacing": true,
                    "proseWrap": "never"
                },
                "validate": true,
                "hover": true,
                "completion": true,
                "customTags": [],
                "clusterResourceCompletion": true,
                "yamlFileMatcher": "**/*.yaml",
                "enableKubernetesSupport": true,
                "kubernetesVersion": "v1.30.0",
                "crdSchemaLocations": []
            }
        },
        "http": {
            "proxyStrictSSL": true
        }
    }
}


[Trace - 1:34:40 PM] Received notification 'telemetry/event'.
Params: {
    "duration_ms": "13.035546001046896",
    "event_name": "cloudcode.lsp.schema.partner.loaded"
}


[Trace - 1:34:40 PM] Received notification 'telemetry/event'.
Params: {
    "duration_ms": "355.9779529981315",
    "event_name": "cloudcode.lsp.schema.schemastore.loaded"
}


[Trace - 1:34:40 PM] Received notification 'telemetry/event'.
Params: {
    "duration_ms": "6.911469999700785",
    "event_name": "cloudcode.lsp.schema.partner.loaded"
}


[Trace - 1:35:15 PM] Sending notification '$/setTrace'.
Params: {
    "value": "verbose"
}


[Trace - 1:35:18 PM] Sending notification 'workspace/didChangeWatchedFiles'.
Params: {
    "changes": [
        {
            "uri": "file:///home/azehagowa/.codeoss/data/User/History/-422a496d/EnND.json",
            "type": 1
        }
    ]
}


[Trace - 1:35:19 PM] Sending notification 'workspace/didChangeWatchedFiles'.
Params: {
    "changes": [
        {
            "uri": "file:///home/azehagowa/.codeoss/data/User/History/-422a496d/EnND.json",
            "type": 2
        }
    ]
}


[Trace - 1:35:24 PM] Sending notification 'workspace/didChangeWatchedFiles'.
Params: {
    "changes": [
        {
            "uri": "file:///home/azehagowa/.codeoss/data/User/History/-422a496d/entries.json",
            "type": 2
        }
    ]
}


[Trace - 1:35:30 PM] Sending notification '$/setTrace'.
Params: {
    "value": "verbose"
}


[Trace - 1:35:33 PM] Sending notification 'workspace/didChangeWatchedFiles'.
Params: {
    "changes": [
        {
            "uri": "file:///home/azehagowa/.codeoss/data/User/History/-422a496d/sIB5.json",
            "type": 1
        }
    ]
}


[Trace - 1:35:34 PM] Sending notification 'workspace/didChangeWatchedFiles'.
Params: {
    "changes": [
        {
            "uri": "file:///home/azehagowa/.codeoss/data/User/History/-422a496d/sIB5.json",
            "type": 2
        }
    ]
}


[Trace - 1:35:37 PM] Sending notification 'workspace/didChangeWatchedFiles'.
Params: {
    "changes": [
        {
            "uri": "file:///home/azehagowa/.codeoss/data/User/History/-422a496d/entries.json",
            "type": 2
        }
    ]
}


[Trace - 1:35:47 PM] Sending notification '$/setTrace'.
Params: {
    "value": "verbose"
}


[Trace - 1:35:48 PM] Sending notification 'workspace/didChangeWatchedFiles'.
Params: {
    "changes": [
        {
            "uri": "file:///home/azehagowa/.codeoss/data/User/History/-422a496d/qMKY.json",
            "type": 1
        }
    ]
}


[Trace - 1:35:49 PM] Sending notification 'workspace/didChangeWatchedFiles'.
Params: {
    "changes": [
        {
            "uri": "file:///home/azehagowa/.codeoss/data/User/History/-422a496d/qMKY.json",
            "type": 2
        }
    ]
}


[Trace - 1:35:51 PM] Sending notification 'workspace/didChangeWatchedFiles'.
Params: {
    "changes": [
        {
            "uri": "file:///home/azehagowa/.codeoss/data/User/History/-422a496d/entries.json",
            "type": 2
        }
    ]
}


[Trace - 1:36:16 PM] Sending notification '$/setTrace'.
Params: {
    "value": "verbose"
}


[Trace - 1:36:30 PM] Sending notification '$/setTrace'.
Params: {
    "value": "verbose"
}


[Trace - 1:36:30 PM] Sending notification 'workspace/didChangeWatchedFiles'.
Params: {
    "changes": [
        {
            "uri": "file:///home/azehagowa/.codeoss/data/User/History/-422a496d/l8ZV.json",
            "type": 1
        },
        {
            "uri": "file:///home/azehagowa/.codeoss/data/User/History/-422a496d/l8ZV.json",
            "type": 2
        }
    ]
}


[Trace - 1:36:31 PM] Sending notification 'workspace/didChangeWatchedFiles'.
Params: {
    "changes": [
        {
            "uri": "file:///home/azehagowa/.codeoss/data/User/History/-422a496d/entries.json",
            "type": 2
        }
    ]
}


[Trace - 1:36:57 PM] Sending notification '$/setTrace'.
Params: {
    "value": "verbose"
}


[Trace - 1:36:57 PM] Sending notification 'workspace/didChangeWatchedFiles'.
Params: {
    "changes": [
        {
            "uri": "file:///home/azehagowa/.codeoss/data/User/History/-422a496d/L0TN.json",
            "type": 1
        },
        {
            "uri": "file:///home/azehagowa/.codeoss/data/User/History/-422a496d/L0TN.json",
            "type": 2
        }
    ]
}


[Trace - 1:36:59 PM] Sending notification 'workspace/didChangeWatchedFiles'.
Params: {
    "changes": [
        {
            "uri": "file:///home/azehagowa/.codeoss/data/User/History/-422a496d/entries.json",
            "type": 2
        }
    ]
}


[Trace - 1:41:57 PM] Sending notification 'workspace/didChangeWatchedFiles'.
Params: {
    "changes": [
        {
            "uri": "file:///home/azehagowa/.codeoss/data/Machine/settings.json",
            "type": 1
        },
        {
            "uri": "file:///home/azehagowa/.codeoss/data/Machine/settings.json",
            "type": 1
        },
        {
            "uri": "file:///home/azehagowa/.codeoss/data/Machine/settings.json",
            "type": 2
        }
    ]
}


[Trace - 1:41:59 PM] Sending notification 'workspace/didChangeWatchedFiles'.
Params: {
    "changes": [
        {
            "uri": "file:///home/azehagowa/.codeoss/data/Machine/settings.json",
            "type": 2
        },
        {
            "uri": "file:///home/azehagowa/.codeoss/data/Machine/settings.json",
            "type": 2
        }
    ]
}


[Trace - 1:42:00 PM] Sending notification '$/setTrace'.
Params: {
    "value": "verbose"
}


[Trace - 1:42:00 PM] Sending notification 'workspace/didChangeConfiguration'.
Params: {
    "settings": {
        "cloudcode": {
            "yaml": {
                "trace": {
                    "server": "verbose"
                },
                "schemas": {},
                "format": {
                    "enable": true,
                    "singleQuote": true,
                    "bracketSpacing": true,
                    "proseWrap": "never"
                },
                "validate": true,
                "hover": true,
                "completion": true,
                "customTags": [],
                "clusterResourceCompletion": true,
                "yamlFileMatcher": "**/*.yaml",
                "enableKubernetesSupport": true,
                "kubernetesVersion": "v1.30.0",
                "crdSchemaLocations": []
            }
        },
        "http": {
            "proxyStrictSSL": true
        }
    }
}


[Trace - 1:42:00 PM] Received notification 'telemetry/event'.
Params: {
    "duration_ms": "7.513020001351833",
    "event_name": "cloudcode.lsp.schema.partner.loaded"
}


[Trace - 1:42:01 PM] Sending notification 'workspace/didChangeWatchedFiles'.
Params: {
    "changes": [
        {
            "uri": "file:///home/azehagowa/.codeoss/data/User/History/5090fa9d/yziz.json",
            "type": 1
        }
    ]
}


[Trace - 1:42:04 PM] Sending notification 'workspace/didChangeWatchedFiles'.
Params: {
    "changes": [
        {
            "uri": "file:///home/azehagowa/.codeoss/data/Machine/settings.json",
            "type": 2
        },
        {
            "uri": "file:///home/azehagowa/.codeoss/data/Machine/settings.json",
            "type": 2
        }
    ]
}


[Trace - 1:42:07 PM] Sending notification '$/setTrace'.
Params: {
    "value": "verbose"
}


[Trace - 1:42:07 PM] Sending notification 'workspace/didChangeWatchedFiles'.
Params: {
    "changes": [
        {
            "uri": "file:///home/azehagowa/.codeoss/data/User/History/5090fa9d/entries.json",
            "type": 1
        },
        {
            "uri": "file:///home/azehagowa/.codeoss/data/User/History/5090fa9d/yziz.json",
            "type": 2
        }
    ]
}


[Trace - 1:42:07 PM] Sending notification 'workspace/didChangeWatchedFiles'.
Params: {
    "changes": [
        {
            "uri": "file:///home/azehagowa/.codeoss/data/User/History/5090fa9d/entries.json",
            "type": 2
        }
    ]
}


[Trace - 1:42:12 PM] Sending notification 'workspace/didChangeWatchedFiles'.
Params: {
    "changes": [
        {
            "uri": "file:///home/azehagowa/.codeoss/data/Machine/settings.json",
            "type": 2
        },
        {
            "uri": "file:///home/azehagowa/.codeoss/data/Machine/settings.json",
            "type": 2
        }
    ]
}


[Trace - 1:42:14 PM] Sending notification '$/setTrace'.
Params: {
    "value": "verbose"
}


[Trace - 1:42:14 PM] Sending notification 'workspace/didChangeWatchedFiles'.
Params: {
    "changes": [
        {
            "uri": "file:///home/azehagowa/.codeoss/data/User/History/5090fa9d/yziz.json",
            "type": 2
        }
    ]
}


[Trace - 1:42:15 PM] Sending notification 'workspace/didChangeWatchedFiles'.
Params: {
    "changes": [
        {
            "uri": "file:///home/azehagowa/.codeoss/data/User/History/5090fa9d/entries.json",
            "type": 2
        },
        {
            "uri": "file:///home/azehagowa/.codeoss/data/User/History/5090fa9d/entries.json",
            "type": 2
        }
    ]
}


[Trace - 1:42:18 PM] Sending notification 'workspace/didChangeWatchedFiles'.
Params: {
    "changes": [
        {
            "uri": "file:///home/azehagowa/.codeoss/data/Machine/settings.json",
            "type": 2
        },
        {
            "uri": "file:///home/azehagowa/.codeoss/data/Machine/settings.json",
            "type": 2
        }
    ]
}


[Trace - 1:42:20 PM] Sending notification '$/setTrace'.
Params: {
    "value": "verbose"
}


[Trace - 1:42:21 PM] Sending notification 'workspace/didChangeWatchedFiles'.
Params: {
    "changes": [
        {
            "uri": "file:///home/azehagowa/.codeoss/data/User/History/5090fa9d/yziz.json",
            "type": 2
        }
    ]
}


[Trace - 1:42:21 PM] Sending notification 'workspace/didChangeWatchedFiles'.
Params: {
    "changes": [
        {
            "uri": "file:///home/azehagowa/.codeoss/data/User/History/5090fa9d/entries.json",
            "type": 2
        }
    ]
}


[Trace - 1:42:23 PM] Sending notification 'workspace/didChangeWatchedFiles'.
Params: {
    "changes": [
        {
            "uri": "file:///home/azehagowa/.codeoss/data/Machine/settings.json",
            "type": 2
        },
        {
            "uri": "file:///home/azehagowa/.codeoss/data/Machine/settings.json",
            "type": 2
        }
    ]
}


[Trace - 1:42:25 PM] Sending notification '$/setTrace'.
Params: {
    "value": "verbose"
}


[Trace - 1:42:26 PM] Sending notification 'workspace/didChangeWatchedFiles'.
Params: {
    "changes": [
        {
            "uri": "file:///home/azehagowa/.codeoss/data/User/History/5090fa9d/yziz.json",
            "type": 2
        }
    ]
}


[Trace - 1:42:28 PM] Sending notification 'workspace/didChangeWatchedFiles'.
Params: {
    "changes": [
        {
            "uri": "file:///home/azehagowa/.codeoss/data/User/History/5090fa9d/entries.json",
            "type": 2
        }
    ]
}


[Trace - 1:42:30 PM] Sending notification 'workspace/didChangeWatchedFiles'.
Params: {
    "changes": [
        {
            "uri": "file:///home/azehagowa/.codeoss/data/Machine/settings.json",
            "type": 2
        },
        {
            "uri": "file:///home/azehagowa/.codeoss/data/Machine/settings.json",
            "type": 2
        }
    ]
}


[Trace - 1:42:31 PM] Sending notification '$/setTrace'.
[Trace - 1:42:31 PM] Sending notification 'workspace/didChangeConfiguration'.
[Trace - 1:42:31 PM] Received notification 'telemetry/event'.
[Trace - 1:42:31 PM] Sending notification 'workspace/didChangeWatchedFiles'.
[Trace - 1:42:32 PM] Sending notification 'workspace/didChangeWatchedFiles'.
[Trace - 1:42:33 PM] Sending notification 'workspace/didChangeWatchedFiles'.
[Trace - 1:42:34 PM] Sending notification '$/setTrace'.
[Trace - 1:42:34 PM] Sending notification 'workspace/didChangeWatchedFiles'.
[Trace - 1:42:35 PM] Sending notification 'workspace/didChangeWatchedFiles'.
[Trace - 1:42:36 PM] Sending notification 'workspace/didChangeWatchedFiles'.
[Trace - 1:42:37 PM] Sending notification '$/setTrace'.
[Trace - 1:42:39 PM] Sending notification 'workspace/didChangeWatchedFiles'.
[Trace - 1:42:40 PM] Sending notification 'workspace/didChangeWatchedFiles'.
[Trace - 1:42:42 PM] Sending notification '$/setTrace'.
[Trace - 1:42:42 PM] Sending notification 'workspace/didChangeWatchedFiles'.
[Trace - 1:42:44 PM] Sending notification 'workspace/didChangeWatchedFiles'.
[Trace - 1:42:45 PM] Sending notification 'workspace/didChangeWatchedFiles'.
[Trace - 1:42:49 PM] Sending notification '$/setTrace'.
Params: {
    "value": "verbose"
}


[Trace - 1:42:49 PM] Sending notification 'workspace/didChangeConfiguration'.
Params: {
    "settings": {
        "cloudcode": {
            "yaml": {
                "trace": {
                    "server": "verbose"
                },
                "schemas": {},
                "format": {
                    "enable": true,
                    "singleQuote": true,
                    "bracketSpacing": true,
                    "proseWrap": "never"
                },
                "validate": true,
                "hover": true,
                "completion": true,
                "customTags": [],
                "clusterResourceCompletion": true,
                "yamlFileMatcher": "**/*.yaml",
                "enableKubernetesSupport": true,
                "kubernetesVersion": "v1.30.0",
                "crdSchemaLocations": []
            }
        },
        "http": {
            "proxyStrictSSL": true
        }
    }
}


[Trace - 1:42:49 PM] Received notification 'telemetry/event'.
Params: {
    "duration_ms": "18.53175000101328",
    "event_name": "cloudcode.lsp.schema.partner.loaded"
}


[Trace - 1:42:49 PM] Sending notification 'workspace/didChangeWatchedFiles'.
Params: {
    "changes": [
        {
            "uri": "file:///home/azehagowa/.codeoss/data/User/History/5090fa9d/yziz.json",
            "type": 2
        },
        {
            "uri": "file:///home/azehagowa/.codeoss/data/User/History/5090fa9d/entries.json",
            "type": 2
        }
    ]
}


[Trace - 1:42:51 PM] Sending notification 'workspace/didChangeWatchedFiles'.
Params: {
    "changes": [
        {
            "uri": "file:///home/azehagowa/.codeoss/data/Machine/settings.json",
            "type": 2
        },
        {
            "uri": "file:///home/azehagowa/.codeoss/data/Machine/settings.json",
            "type": 2
        }
    ]
}


[Trace - 1:42:53 PM] Sending notification '$/setTrace'.
Params: {
    "value": "verbose"
}


[Trace - 1:42:54 PM] Sending notification 'workspace/didChangeWatchedFiles'.
Params: {
    "changes": [
        {
            "uri": "file:///home/azehagowa/.codeoss/data/User/History/5090fa9d/yziz.json",
            "type": 2
        },
        {
            "uri": "file:///home/azehagowa/.codeoss/data/User/History/5090fa9d/entries.json",
            "type": 2
        }
    ]
}


[Trace - 1:42:55 PM] Sending notification 'workspace/didChangeWatchedFiles'.
Params: {
    "changes": [
        {
            "uri": "file:///home/azehagowa/.codeoss/data/Machine/settings.json",
            "type": 2
        },
        {
            "uri": "file:///home/azehagowa/.codeoss/data/Machine/settings.json",
            "type": 2
        }
    ]
}


[Trace - 1:42:57 PM] Sending notification '$/setTrace'.
Params: {
    "value": "verbose"
}


[Trace - 1:42:57 PM] Sending notification 'workspace/didChangeWatchedFiles'.
Params: {
    "changes": [
        {
            "uri": "file:///home/azehagowa/.codeoss/data/User/History/5090fa9d/yziz.json",
            "type": 2
        },
        {
            "uri": "file:///home/azehagowa/.codeoss/data/User/History/5090fa9d/entries.json",
            "type": 2
        }
    ]
}


[Trace - 1:43:00 PM] Sending notification 'workspace/didChangeWatchedFiles'.
Params: {
    "changes": [
        {
            "uri": "file:///home/azehagowa/.codeoss/data/Machine/settings.json",
            "type": 2
        },
        {
            "uri": "file:///home/azehagowa/.codeoss/data/Machine/settings.json",
            "type": 2
        }
    ]
}


[Trace - 1:43:01 PM] Sending notification '$/setTrace'.
Params: {
    "value": "verbose"
}


[Trace - 1:43:02 PM] Sending notification 'workspace/didChangeWatchedFiles'.
Params: {
    "changes": [
        {
            "uri": "file:///home/azehagowa/.codeoss/data/User/History/5090fa9d/yziz.json",
            "type": 2
        }
    ]
}


[Trace - 1:43:02 PM] Sending notification 'workspace/didChangeWatchedFiles'.
Params: {
    "changes": [
        {
            "uri": "file:///home/azehagowa/.codeoss/data/User/History/5090fa9d/entries.json",
            "type": 2
        }
    ]
}


[Trace - 1:43:08 PM] Sending notification 'workspace/didChangeWatchedFiles'.
Params: {
    "changes": [
        {
            "uri": "file:///home/azehagowa/.codeoss/data/Machine/settings.json",
            "type": 2
        },
        {
            "uri": "file:///home/azehagowa/.codeoss/data/Machine/settings.json",
            "type": 2
        }
    ]
}


[Trace - 1:43:10 PM] Sending notification '$/setTrace'.
Params: {
    "value": "verbose"
}


[Trace - 1:43:10 PM] Sending notification 'workspace/didChangeWatchedFiles'.
Params: {
    "changes": [
        {
            "uri": "file:///home/azehagowa/.codeoss/data/User/History/5090fa9d/yziz.json",
            "type": 2
        },
        {
            "uri": "file:///home/azehagowa/.codeoss/data/User/History/5090fa9d/entries.json",
            "type": 2
        }
    ]
}


[Trace - 1:43:20 PM] Sending notification 'workspace/didChangeWatchedFiles'.
Params: {
    "changes": [
        {
            "uri": "file:///home/azehagowa/.codeoss/data/Machine/settings.json",
            "type": 2
        },
        {
            "uri": "file:///home/azehagowa/.codeoss/data/Machine/settings.json",
            "type": 2
        }
    ]
}


[Trace - 1:43:22 PM] Sending notification '$/setTrace'.
Params: {
    "value": "verbose"
}


[Trace - 1:43:22 PM] Sending notification 'workspace/didChangeConfiguration'.
Params: {
    "settings": {
        "cloudcode": {
            "yaml": {
                "trace": {
                    "server": "verbose"
                },
                "schemas": {},
                "format": {
                    "enable": true,
                    "singleQuote": true,
                    "bracketSpacing": true,
                    "proseWrap": "never"
                },
                "validate": true,
                "hover": true,
                "completion": true,
                "customTags": [],
                "clusterResourceCompletion": true,
                "yamlFileMatcher": "**/*.yaml",
                "enableKubernetesSupport": true,
                "kubernetesVersion": "v1.30.0",
                "crdSchemaLocations": []
            }
        },
        "http": {
            "proxyStrictSSL": true
        }
    }
}


[Trace - 1:43:22 PM] Received notification 'telemetry/event'.
Params: {
    "duration_ms": "4.660034999251366",
    "event_name": "cloudcode.lsp.schema.partner.loaded"
}


[Trace - 1:43:22 PM] Sending notification 'workspace/didChangeWatchedFiles'.
Params: {
    "changes": [
        {
            "uri": "file:///home/azehagowa/.codeoss/data/User/History/5090fa9d/zblp.json",
            "type": 1
        },
        {
            "uri": "file:///home/azehagowa/.codeoss/data/User/History/5090fa9d/entries.json",
            "type": 2
        }
    ]
}


[Trace - 1:43:34 PM] Sending notification 'workspace/didChangeWatchedFiles'.
Params: {
    "changes": [
        {
            "uri": "file:///home/azehagowa/.codeoss/data/Machine/settings.json",
            "type": 2
        },
        {
            "uri": "file:///home/azehagowa/.codeoss/data/Machine/settings.json",
            "type": 2
        }
    ]
}


[Trace - 1:43:36 PM] Sending notification '$/setTrace'.
Params: {
    "value": "verbose"
}


[Trace - 1:43:36 PM] Sending notification 'workspace/didChangeConfiguration'.
Params: {
    "settings": {
        "cloudcode": {
            "yaml": {
                "trace": {
                    "server": "verbose"
                },
                "schemas": {},
                "format": {
                    "enable": true,
                    "singleQuote": true,
                    "bracketSpacing": true,
                    "proseWrap": "never"
                },
                "validate": true,
                "hover": true,
                "completion": true,
                "customTags": [],
                "clusterResourceCompletion": true,
                "yamlFileMatcher": "**/*.yaml",
                "enableKubernetesSupport": true,
                "kubernetesVersion": "v1.30.0",
                "crdSchemaLocations": []
            }
        },
        "http": {
            "proxyStrictSSL": true
        }
    }
}


[Trace - 1:43:36 PM] Received notification 'telemetry/event'.
Params: {
    "duration_ms": "2.6097989976406097",
    "event_name": "cloudcode.lsp.schema.partner.loaded"
}


[Trace - 1:43:36 PM] Sending notification 'workspace/didChangeWatchedFiles'.
Params: {
    "changes": [
        {
            "uri": "file:///home/azehagowa/.codeoss/data/User/History/5090fa9d/MueE.json",
            "type": 1
        },
        {
            "uri": "file:///home/azehagowa/.codeoss/data/User/History/5090fa9d/entries.json",
            "type": 2
        }
    ]
}


