Initializing document watcher...
Document watcher initialized
/User/settings.json: Using EditorConfig core...
/User/settings.json: Using EditorConfig core...
/User/settings.json: Using EditorConfig core...
/User/settings.json: Using EditorConfig core...
/User/settings.json: Using EditorConfig core...
No more open editors.
vscode.git.Git: {}
vscode.git.Git: {}
azehagowa/.codeoss/data/Machine/settings.json: Using EditorConfig core...
azehagowa/.codeoss/data/Machine/settings.json: Using EditorConfig core...
azehagowa/.codeoss/data/Machine/settings.json: Using EditorConfig core...
azehagowa/.codeoss/data/Machine/settings.json: Using EditorConfig core...
azehagowa/.codeoss/data/Machine/settings.json: Using EditorConfig core...
azehagowa/.codeoss/data/Machine/settings.json: Using EditorConfig core...
azehagowa/.codeoss/data/Machine/settings.json: Using EditorConfig core...
azehagowa/.codeoss/data/Machine/settings.json: Using EditorConfig core...
azehagowa/.codeoss/data/Machine/settings.json: Using EditorConfig core...
azehagowa/.codeoss/data/Machine/settings.json: Using EditorConfig core...
azehagowa/.codeoss/data/Machine/settings.json: Using EditorConfig core...
azehagowa/.codeoss/data/Machine/settings.json: Using EditorConfig core...
azehagowa/.codeoss/data/Machine/settings.json: Using EditorConfig core...
azehagowa/.codeoss/data/Machine/settings.json: Using EditorConfig core...
azehagowa/.codeoss/data/Machine/settings.json: Using EditorConfig core...
azehagowa/.codeoss/data/Machine/settings.json: Using EditorConfig core...
No more open editors.
No more open editors.
No more open editors.
No more open editors.
vscode.git.Git: {}
vscode.git.Git: {}
vscode.git.Git: {}
vscode.git.Git: {}
vscode.git.Git: {}
