0 verbose cli /usr/local/nvm/versions/node/v24.13.1/bin/node /usr/local/nvm/versions/node/v24.13.1/bin/npm
1 info using npm@11.10.1
2 info using node@v24.13.1
3 silly config load:file:/usr/local/nvm/versions/node/v24.13.1/lib/node_modules/npm/npmrc
4 silly config load:file:/home/azehagowa/.npmrc
5 silly config load:file:/usr/local/nvm/versions/node/v24.13.1/etc/npmrc
6 verbose title npm i elparadisogonzalo
7 verbose argv "i" "elparadisogonzalo"
8 verbose logfile logs-max:10 dir:/home/azehagowa/.npm/_logs/2026-03-02T12_52_31_700Z-
9 verbose logfile /home/azehagowa/.npm/_logs/2026-03-02T12_52_31_700Z-debug-0.log
10 silly logfile start cleaning logs, removing 1 files
11 silly logfile done cleaning log files
12 silly packumentCache heap:2348810240 maxSize:587202560 maxEntrySize:293601280
13 silly idealTree buildDeps
14 silly fetch manifest elparadisogonzalo@*
15 silly packumentCache full:https://registry.npmjs.org/elparadisogonzalo cache-miss
16 http fetch GET 200 https://registry.npmjs.org/elparadisogonzalo 175ms (cache miss)
17 silly packumentCache full:https://registry.npmjs.org/elparadisogonzalo set size:undefined disposed:false
18 silly placeDep ROOT elparadisogonzalo@1.0.0 OK for: azehagowa@1.2.0 want: *
19 silly fetch manifest dotenv@^17.3.1
20 silly packumentCache full:https://registry.npmjs.org/dotenv cache-miss
21 http fetch GET 200 https://registry.npmjs.org/dotenv 48ms (cache miss)
22 silly packumentCache full:https://registry.npmjs.org/dotenv set size:undefined disposed:false
23 silly placeDep ROOT dotenv@17.3.1 OK for: elparadisogonzalo@1.0.0 want: ^17.3.1
24 silly reify moves {}
25 silly audit bulk request { elparadisogonzalo: [ '1.0.0' ], dotenv: [ '17.3.1' ] }
26 http cache dotenv@https://registry.npmjs.org/dotenv/-/dotenv-17.3.1.tgz 0ms (cache hit)
27 http cache elparadisogonzalo@https://registry.npmjs.org/elparadisogonzalo/-/elparadisogonzalo-1.0.0.tgz 0ms (cache hit)
28 silly tarball no local data for dotenv@https://registry.npmjs.org/dotenv/-/dotenv-17.3.1.tgz. Extracting by manifest.
29 silly tarball no local data for elparadisogonzalo@https://registry.npmjs.org/elparadisogonzalo/-/elparadisogonzalo-1.0.0.tgz. Extracting by manifest.
30 http fetch GET 200 https://registry.npmjs.org/elparadisogonzalo/-/elparadisogonzalo-1.0.0.tgz 76ms (cache miss)
31 http fetch GET 200 https://registry.npmjs.org/dotenv/-/dotenv-17.3.1.tgz 87ms (cache miss)
32 http fetch POST 200 https://registry.npmjs.org/-/npm/v1/security/advisories/bulk 198ms
33 silly audit report {}
34 silly ADD node_modules/dotenv
35 silly ADD node_modules/elparadisogonzalo
36 verbose cwd /home/azehagowa
37 verbose os Linux 6.6.123+
38 verbose node v24.13.1
39 verbose npm  v11.10.1
40 verbose exit 0
41 info ok
