2024-09-28 14:02:06.500 [info] Extension host with pid 3937 started
2024-09-28 14:02:06.500 [error] Error: EEXIST: file already exists, open '/home/azehagowa/.codeoss/data/User/workspaceStorage/4a2b428b/vscode.lock'
2024-09-28 14:02:06.511 [info] Lock '/home/azehagowa/.codeoss/data/User/workspaceStorage/4a2b428b/vscode.lock': Could not acquire lock, checking if the file is stale.
2024-09-28 14:02:06.516 [info] Lock '/home/azehagowa/.codeoss/data/User/workspaceStorage/4a2b428b/vscode.lock': The lock does not look stale, elapsed: 204 ms, giving up.
2024-09-28 14:02:06.529 [error] Error: EEXIST: file already exists, open '/home/azehagowa/.codeoss/data/User/workspaceStorage/4a2b428b-1/vscode.lock'
2024-09-28 14:02:06.532 [info] Lock '/home/azehagowa/.codeoss/data/User/workspaceStorage/4a2b428b-1/vscode.lock': Could not acquire lock, checking if the file is stale.
2024-09-28 14:02:06.533 [info] Lock '/home/azehagowa/.codeoss/data/User/workspaceStorage/4a2b428b-1/vscode.lock': The lock does not look stale, elapsed: 223 ms, giving up.
2024-09-28 14:02:06.545 [info] Lock '/home/azehagowa/.codeoss/data/User/workspaceStorage/4a2b428b-2/vscode.lock': Lock acquired.
2024-09-28 14:02:06.892 [info] ExtensionService#_doActivateExtension vscode.emmet, startup: false, activationEvent: 'onLanguage'
2024-09-28 14:02:06.894 [info] ExtensionService#_doActivateExtension googlecloudtools.cloudcode, startup: false, activationEvent: 'onLanguage:Log'
2024-09-28 14:02:09.694 [info] ExtensionService#_doActivateExtension vscode.git-base, startup: true, activationEvent: '*', root cause: vscode.git
2024-09-28 14:02:09.695 [info] ExtensionService#_doActivateExtension ms-vscode.test-adapter-converter, startup: true, activationEvent: '*', root cause: hbenl.vscode-test-explorer
2024-09-28 14:02:09.712 [info] ExtensionService#_doActivateExtension vscode.npm, startup: true, activationEvent: 'workspaceContains:package.json'
2024-09-28 14:02:10.158 [info] ExtensionService#_doActivateExtension vscode.git, startup: true, activationEvent: '*'
2024-09-28 14:02:10.159 [info] ExtensionService#_doActivateExtension vscode.github, startup: true, activationEvent: '*'
2024-09-28 14:02:10.159 [info] ExtensionService#_doActivateExtension hbenl.vscode-test-explorer, startup: true, activationEvent: '*'
2024-09-28 14:02:10.952 [info] ExtensionService#_doActivateExtension redhat.fabric8-analytics, startup: true, activationEvent: 'workspaceContains:**/package.json,**/pom.xml,**/go.mod,**/requirements.txt'
2024-09-28 14:02:11.256 [info] ExtensionService#_doActivateExtension golang.go, startup: true, activationEvent: 'workspaceContains:**/*.go,**/go.mod,**/go.sum', root cause: ethan-reesor.vscode-go-test-adapter
2024-09-28 14:02:12.873 [warning] [Decorations] CAPPING events from decorations provider vscode.git 5965
2024-09-28 14:02:16.816 [info] ExtensionService#_doActivateExtension ethan-reesor.vscode-go-test-adapter, startup: true, activationEvent: 'workspaceContains:**/*.go,**/go.mod,**/go.sum'
2024-09-28 14:02:16.840 [error] Activating extension ethan-reesor.vscode-go-test-adapter failed due to an error:
2024-09-28 14:02:16.840 [error] Error: Cannot find module '/home/azehagowa/.codeoss/extensions/ethan-reesor.vscode-go-test-adapter-0.1.6-universal/out/main.js'
Require stack:
- /google/devshell/editor/code-oss-for-cloud-shell/out/vs/loader.js
- /google/devshell/editor/code-oss-for-cloud-shell/out/bootstrap-amd.js
- /google/devshell/editor/code-oss-for-cloud-shell/out/bootstrap-fork.js
    at Function.Module._resolveFilename (node:internal/modules/cjs/loader:1077:15)
    at Function.Module._load (node:internal/modules/cjs/loader:922:27)
    at Function.v._load (/google/devshell/editor/code-oss-for-cloud-shell/out/vs/workbench/api/node/extensionHostProcess.js:176:5607)
    at Function.i._load (/google/devshell/editor/code-oss-for-cloud-shell/out/vs/workbench/api/node/extensionHostProcess.js:173:29719)
    at Function.t._load (/google/devshell/editor/code-oss-for-cloud-shell/out/vs/workbench/api/node/extensionHostProcess.js:138:35317)
    at Module.require (node:internal/modules/cjs/loader:1143:19)
    at require (node:internal/modules/cjs/helpers:119:18)
    at Function.i [as __$__nodeRequire] (/google/devshell/editor/code-oss-for-cloud-shell/out/vs/loader.js:5:98)
    at f.xb (/google/devshell/editor/code-oss-for-cloud-shell/out/vs/workbench/api/node/extensionHostProcess.js:173:30898)
    at processTicksAndRejections (node:internal/process/task_queues:95:5)
    at async Promise.all (index 0)
2024-09-28 14:02:16.841 [info] Eager extensions activated
2024-09-28 14:02:16.850 [info] ExtensionService#_doActivateExtension EditorConfig.EditorConfig, startup: false, activationEvent: 'onStartupFinished'
2024-09-28 14:02:16.852 [info] ExtensionService#_doActivateExtension google.cloud-shell, startup: false, activationEvent: 'onStartupFinished'
2024-09-28 14:02:16.853 [info] ExtensionService#_doActivateExtension vscode.debug-auto-launch, startup: false, activationEvent: 'onStartupFinished'
2024-09-28 14:02:16.854 [info] ExtensionService#_doActivateExtension vscode.merge-conflict, startup: false, activationEvent: 'onStartupFinished'
2024-09-28 14:02:17.628 [warning] [Decorations] CAPPING events from decorations provider vscode.git 5969
2024-09-28 14:02:21.400 [info] ExtensionService#_doActivateExtension vscode.json-language-features, startup: false, activationEvent: 'onLanguage:jsonc'
2024-09-28 14:02:21.401 [info] ExtensionService#_doActivateExtension vscode.typescript-language-features, startup: false, activationEvent: 'onLanguage:jsonc'
2024-09-28 14:24:26.564 [info] Extension host terminating: renderer disconnected for too long (2)
2024-09-28 14:24:26.566 [info] Lock '/home/azehagowa/.codeoss/data/User/workspaceStorage/4a2b428b-2/vscode.lock': Marking the lockfile as scheduled to be released in 6000 ms.
2024-09-28 14:24:26.613 [error] Canceled: Canceled
    at new L (/google/devshell/editor/code-oss-for-cloud-shell/out/vs/workbench/api/node/extensionHostProcess.js:143:47131)
    at c.U (/google/devshell/editor/code-oss-for-cloud-shell/out/vs/workbench/api/node/extensionHostProcess.js:150:5542)
    at Proxy.F.<computed>.z.charCodeAt.F.<computed> (/google/devshell/editor/code-oss-for-cloud-shell/out/vs/workbench/api/node/extensionHostProcess.js:150:2993)
    at r.g (/google/devshell/editor/code-oss-for-cloud-shell/out/vs/workbench/api/node/extensionHostProcess.js:153:188926)
    at r.executeCommand (/google/devshell/editor/code-oss-for-cloud-shell/out/vs/workbench/api/node/extensionHostProcess.js:153:188364)
    at k.registerCommand.description (/google/devshell/editor/code-oss-for-cloud-shell/out/vs/workbench/api/node/extensionHostProcess.js:153:187688)
    at r.h (/google/devshell/editor/code-oss-for-cloud-shell/out/vs/workbench/api/node/extensionHostProcess.js:153:189465)
    at r.g (/google/devshell/editor/code-oss-for-cloud-shell/out/vs/workbench/api/node/extensionHostProcess.js:153:188457)
    at r.executeCommand (/google/devshell/editor/code-oss-for-cloud-shell/out/vs/workbench/api/node/extensionHostProcess.js:153:188364)
    at Object.executeCommand (/google/devshell/editor/code-oss-for-cloud-shell/out/vs/workbench/api/node/extensionHostProcess.js:163:22673)
    at a.O [as value] (/google/devshell/editor/code-oss-for-cloud-shell/extensions/git/dist/main.js:2:167800)
    at o.y (/google/devshell/editor/code-oss-for-cloud-shell/out/vs/workbench/api/node/extensionHostProcess.js:82:660)
    at o.z (/google/devshell/editor/code-oss-for-cloud-shell/out/vs/workbench/api/node/extensionHostProcess.js:82:730)
    at o.fire (/google/devshell/editor/code-oss-for-cloud-shell/out/vs/workbench/api/node/extensionHostProcess.js:82:946)
    at Object.p [as dispose] (/google/devshell/editor/code-oss-for-cloud-shell/extensions/git/dist/main.js:2:186884)
    at /google/devshell/editor/code-oss-for-cloud-shell/extensions/git/dist/main.js:2:192922
    at Array.forEach (<anonymous>)
    at f.dispose (/google/devshell/editor/code-oss-for-cloud-shell/extensions/git/dist/main.js:2:192908)
    at h.<anonymous> (/google/devshell/editor/code-oss-for-cloud-shell/out/vs/workbench/api/node/extensionHostProcess.js:151:3955)
    at h.dispose (/google/devshell/editor/code-oss-for-cloud-shell/out/vs/workbench/api/node/extensionHostProcess.js:151:4052)
    at h.<anonymous> (/google/devshell/editor/code-oss-for-cloud-shell/extensions/git/dist/main.js:2:170057)
    at h.dispose (/google/devshell/editor/code-oss-for-cloud-shell/out/vs/workbench/api/node/extensionHostProcess.js:151:4052)
    at a (/google/devshell/editor/code-oss-for-cloud-shell/out/vs/workbench/api/node/extensionHostProcess.js:30:744)
    at f.eb (/google/devshell/editor/code-oss-for-cloud-shell/out/vs/workbench/api/node/extensionHostProcess.js:159:9975)
    at /google/devshell/editor/code-oss-for-cloud-shell/out/vs/workbench/api/node/extensionHostProcess.js:159:7824
    at Array.map (<anonymous>)
    at f.$ (/google/devshell/editor/code-oss-for-cloud-shell/out/vs/workbench/api/node/extensionHostProcess.js:159:7811)
    at f.terminate (/google/devshell/editor/code-oss-for-cloud-shell/out/vs/workbench/api/node/extensionHostProcess.js:159:8085)
    at a.terminate (/google/devshell/editor/code-oss-for-cloud-shell/out/vs/workbench/api/node/extensionHostProcess.js:163:1513)
    at t (/google/devshell/editor/code-oss-for-cloud-shell/out/vs/workbench/api/node/extensionHostProcess.js:176:9922)
    at T.a (/google/devshell/editor/code-oss-for-cloud-shell/out/vs/workbench/api/node/extensionHostProcess.js:176:6715)
    at T.h (/google/devshell/editor/code-oss-for-cloud-shell/out/vs/workbench/api/node/extensionHostProcess.js:99:20709)
    at listOnTimeout (node:internal/timers:569:17)
    at processTimers (node:internal/timers:512:7) setContext undefined
2024-09-28 14:24:26.619 [error] Canceled: Canceled
    at new L (/google/devshell/editor/code-oss-for-cloud-shell/out/vs/workbench/api/node/extensionHostProcess.js:143:47131)
    at c.U (/google/devshell/editor/code-oss-for-cloud-shell/out/vs/workbench/api/node/extensionHostProcess.js:150:5542)
    at Proxy.F.<computed>.z.charCodeAt.F.<computed> (/google/devshell/editor/code-oss-for-cloud-shell/out/vs/workbench/api/node/extensionHostProcess.js:150:2993)
    at r.g (/google/devshell/editor/code-oss-for-cloud-shell/out/vs/workbench/api/node/extensionHostProcess.js:153:188926)
    at r.executeCommand (/google/devshell/editor/code-oss-for-cloud-shell/out/vs/workbench/api/node/extensionHostProcess.js:153:188364)
    at k.registerCommand.description (/google/devshell/editor/code-oss-for-cloud-shell/out/vs/workbench/api/node/extensionHostProcess.js:153:187688)
    at r.h (/google/devshell/editor/code-oss-for-cloud-shell/out/vs/workbench/api/node/extensionHostProcess.js:153:189465)
    at r.g (/google/devshell/editor/code-oss-for-cloud-shell/out/vs/workbench/api/node/extensionHostProcess.js:153:188457)
    at r.executeCommand (/google/devshell/editor/code-oss-for-cloud-shell/out/vs/workbench/api/node/extensionHostProcess.js:153:188364)
    at Object.executeCommand (/google/devshell/editor/code-oss-for-cloud-shell/out/vs/workbench/api/node/extensionHostProcess.js:163:22673)
    at a.VscodeDevShareProvider.set hasGitHubRepositories [as hasGitHubRepositories] (/google/devshell/editor/code-oss-for-cloud-shell/extensions/github/dist/extension.js:2:25681)
    at /google/devshell/editor/code-oss-for-cloud-shell/extensions/github/dist/extension.js:2:26640
    at a.value (/google/devshell/editor/code-oss-for-cloud-shell/extensions/git/dist/main.js:2:273373)
    at o.y (/google/devshell/editor/code-oss-for-cloud-shell/out/vs/workbench/api/node/extensionHostProcess.js:82:660)
    at o.z (/google/devshell/editor/code-oss-for-cloud-shell/out/vs/workbench/api/node/extensionHostProcess.js:82:730)
    at o.fire (/google/devshell/editor/code-oss-for-cloud-shell/out/vs/workbench/api/node/extensionHostProcess.js:82:946)
    at Object.p [as dispose] (/google/devshell/editor/code-oss-for-cloud-shell/extensions/git/dist/main.js:2:186884)
    at /google/devshell/editor/code-oss-for-cloud-shell/extensions/git/dist/main.js:2:192922
    at Array.forEach (<anonymous>)
    at f.dispose (/google/devshell/editor/code-oss-for-cloud-shell/extensions/git/dist/main.js:2:192908)
    at h.<anonymous> (/google/devshell/editor/code-oss-for-cloud-shell/out/vs/workbench/api/node/extensionHostProcess.js:151:3955)
    at h.dispose (/google/devshell/editor/code-oss-for-cloud-shell/out/vs/workbench/api/node/extensionHostProcess.js:151:4052)
    at h.<anonymous> (/google/devshell/editor/code-oss-for-cloud-shell/extensions/git/dist/main.js:2:170057)
    at h.dispose (/google/devshell/editor/code-oss-for-cloud-shell/out/vs/workbench/api/node/extensionHostProcess.js:151:4052)
    at a (/google/devshell/editor/code-oss-for-cloud-shell/out/vs/workbench/api/node/extensionHostProcess.js:30:744)
    at f.eb (/google/devshell/editor/code-oss-for-cloud-shell/out/vs/workbench/api/node/extensionHostProcess.js:159:9975)
    at /google/devshell/editor/code-oss-for-cloud-shell/out/vs/workbench/api/node/extensionHostProcess.js:159:7824
    at Array.map (<anonymous>)
    at f.$ (/google/devshell/editor/code-oss-for-cloud-shell/out/vs/workbench/api/node/extensionHostProcess.js:159:7811)
    at f.terminate (/google/devshell/editor/code-oss-for-cloud-shell/out/vs/workbench/api/node/extensionHostProcess.js:159:8085)
    at a.terminate (/google/devshell/editor/code-oss-for-cloud-shell/out/vs/workbench/api/node/extensionHostProcess.js:163:1513)
    at t (/google/devshell/editor/code-oss-for-cloud-shell/out/vs/workbench/api/node/extensionHostProcess.js:176:9922)
    at T.a (/google/devshell/editor/code-oss-for-cloud-shell/out/vs/workbench/api/node/extensionHostProcess.js:176:6715)
    at T.h (/google/devshell/editor/code-oss-for-cloud-shell/out/vs/workbench/api/node/extensionHostProcess.js:99:20709)
    at listOnTimeout (node:internal/timers:569:17)
    at processTimers (node:internal/timers:512:7) setContext undefined
2024-09-28 14:24:26.620 [error] Canceled: Canceled
    at new L (/google/devshell/editor/code-oss-for-cloud-shell/out/vs/workbench/api/node/extensionHostProcess.js:143:47131)
    at c.U (/google/devshell/editor/code-oss-for-cloud-shell/out/vs/workbench/api/node/extensionHostProcess.js:150:5542)
    at Proxy.F.<computed>.z.charCodeAt.F.<computed> (/google/devshell/editor/code-oss-for-cloud-shell/out/vs/workbench/api/node/extensionHostProcess.js:150:2993)
    at r.g (/google/devshell/editor/code-oss-for-cloud-shell/out/vs/workbench/api/node/extensionHostProcess.js:153:188926)
    at r.executeCommand (/google/devshell/editor/code-oss-for-cloud-shell/out/vs/workbench/api/node/extensionHostProcess.js:153:188364)
    at k.registerCommand.description (/google/devshell/editor/code-oss-for-cloud-shell/out/vs/workbench/api/node/extensionHostProcess.js:153:187688)
    at r.h (/google/devshell/editor/code-oss-for-cloud-shell/out/vs/workbench/api/node/extensionHostProcess.js:153:189465)
    at r.g (/google/devshell/editor/code-oss-for-cloud-shell/out/vs/workbench/api/node/extensionHostProcess.js:153:188457)
    at r.executeCommand (/google/devshell/editor/code-oss-for-cloud-shell/out/vs/workbench/api/node/extensionHostProcess.js:153:188364)
    at Object.executeCommand (/google/devshell/editor/code-oss-for-cloud-shell/out/vs/workbench/api/node/extensionHostProcess.js:163:22673)
    at w.dispose (/home/azehagowa/.codeoss/extensions/ms-vscode.test-adapter-converter-0.1.9-universal/out/extension.js:5:494)
    at a (/google/devshell/editor/code-oss-for-cloud-shell/out/vs/workbench/api/node/extensionHostProcess.js:30:744)
    at f.eb (/google/devshell/editor/code-oss-for-cloud-shell/out/vs/workbench/api/node/extensionHostProcess.js:159:9975)
    at /google/devshell/editor/code-oss-for-cloud-shell/out/vs/workbench/api/node/extensionHostProcess.js:159:7824
    at Array.map (<anonymous>)
    at f.$ (/google/devshell/editor/code-oss-for-cloud-shell/out/vs/workbench/api/node/extensionHostProcess.js:159:7811)
    at f.terminate (/google/devshell/editor/code-oss-for-cloud-shell/out/vs/workbench/api/node/extensionHostProcess.js:159:8085)
    at a.terminate (/google/devshell/editor/code-oss-for-cloud-shell/out/vs/workbench/api/node/extensionHostProcess.js:163:1513)
    at t (/google/devshell/editor/code-oss-for-cloud-shell/out/vs/workbench/api/node/extensionHostProcess.js:176:9922)
    at T.a (/google/devshell/editor/code-oss-for-cloud-shell/out/vs/workbench/api/node/extensionHostProcess.js:176:6715)
    at T.h (/google/devshell/editor/code-oss-for-cloud-shell/out/vs/workbench/api/node/extensionHostProcess.js:99:20709)
    at listOnTimeout (node:internal/timers:569:17)
    at processTimers (node:internal/timers:512:7) setContext undefined
2024-09-28 14:24:26.621 [error] Error: Channel has been closed
    at r (/google/devshell/editor/code-oss-for-cloud-shell/out/vs/workbench/api/node/extensionHostProcess.js:156:2490)
    at Object.append (/google/devshell/editor/code-oss-for-cloud-shell/out/vs/workbench/api/node/extensionHostProcess.js:156:2566)
    at console.error (/google/devshell/editor/code-oss-for-cloud-shell/extensions/cloudcode/dist/extension.js:14:10944566)
    at /google/devshell/editor/code-oss-for-cloud-shell/extensions/cloudcode/dist/extension.js:14:11134780
    at Generator.next (<anonymous>)
    at /google/devshell/editor/code-oss-for-cloud-shell/extensions/cloudcode/dist/extension.js:14:11127175
    at new Promise (<anonymous>)
    at o (/google/devshell/editor/code-oss-for-cloud-shell/extensions/cloudcode/dist/extension.js:14:11126920)
    at /google/devshell/editor/code-oss-for-cloud-shell/extensions/cloudcode/dist/extension.js:14:11134304
    at Array.map (<anonymous>)
    at /google/devshell/editor/code-oss-for-cloud-shell/extensions/cloudcode/dist/extension.js:14:11134296
    at Generator.next (<anonymous>)
    at /google/devshell/editor/code-oss-for-cloud-shell/extensions/cloudcode/dist/extension.js:14:11127175
    at new Promise (<anonymous>)
    at o (/google/devshell/editor/code-oss-for-cloud-shell/extensions/cloudcode/dist/extension.js:14:11126920)
    at t.deactivateAll (/google/devshell/editor/code-oss-for-cloud-shell/extensions/cloudcode/dist/extension.js:14:11134118)
    at Object.<anonymous> (/google/devshell/editor/code-oss-for-cloud-shell/extensions/cloudcode/dist/extension.js:14:10006912)
    at Generator.next (<anonymous>)
    at i (/google/devshell/editor/code-oss-for-cloud-shell/extensions/cloudcode/dist/extension.js:14:9973970)
    at processTicksAndRejections (node:internal/process/task_queues:95:5)
2024-09-28 14:24:26.659 [info] Extension host with pid 3937 exiting with code 0
