2024-08-23 02:44:17.290 [info] Log level: Info
2024-08-23 02:44:17.290 [info] Validating found git in: "git"
2024-08-23 02:44:17.290 [info] Using git "2.34.1" from "git"
2024-08-23 02:44:17.290 [info] > git rev-parse --show-toplevel [2601ms]
2024-08-23 02:44:17.290 [info] fatal: not a git repository (or any parent up to mount point /)
Stopping at filesystem boundary (GIT_DISCOVERY_ACROSS_FILESYSTEM not set).
2024-08-23 02:44:17.290 [info] > git rev-parse --show-toplevel [3ms]
2024-08-23 02:44:17.290 [info] fatal: not a git repository (or any parent up to mount point /)
Stopping at filesystem boundary (GIT_DISCOVERY_ACROSS_FILESYSTEM not set).
2024-08-23 02:44:17.291 [info] > git rev-parse --show-toplevel [4ms]
2024-08-23 02:44:17.291 [info] fatal: not a git repository (or any parent up to mount point /)
Stopping at filesystem boundary (GIT_DISCOVERY_ACROSS_FILESYSTEM not set).
2024-08-23 02:44:17.306 [info] > git rev-parse --show-toplevel [2ms]
2024-08-23 02:44:17.306 [info] fatal: not a git repository (or any parent up to mount point /)
Stopping at filesystem boundary (GIT_DISCOVERY_ACROSS_FILESYSTEM not set).
2024-08-23 02:44:17.322 [info] > git rev-parse --show-toplevel [1ms]
2024-08-23 02:44:17.322 [info] fatal: not a git repository (or any parent up to mount point /)
Stopping at filesystem boundary (GIT_DISCOVERY_ACROSS_FILESYSTEM not set).
2024-08-23 02:44:17.337 [info] > git rev-parse --show-toplevel [2ms]
2024-08-23 02:44:17.337 [info] fatal: not a git repository (or any parent up to mount point /)
Stopping at filesystem boundary (GIT_DISCOVERY_ACROSS_FILESYSTEM not set).
