2026-03-06 22:49:10.566 [info] Reading sessions from keychain...
2026-03-06 22:49:10.566 [info] Getting sessions for all scopes...
2026-03-06 22:49:10.567 [info] Got 0 sessions for ...
2026-03-06 22:49:10.567 [info] Getting sessions for all scopes...
2026-03-06 22:49:10.567 [info] Got 0 sessions for ...
2026-03-06 22:49:10.567 [info] Getting sessions for all scopes...
2026-03-06 22:49:10.567 [info] Got 0 sessions for ...
2026-03-06 22:49:10.567 [info] Getting sessions for all scopes...
2026-03-06 22:49:10.567 [info] Got 0 sessions for ...
2026-03-06 22:49:10.854 [info] Getting sessions for read:user,repo,user:email,workflow...
2026-03-06 22:49:10.855 [info] Got 0 sessions for read:user,repo,user:email,workflow...
2026-03-06 22:49:15.394 [info] Getting sessions for read:user,repo,user:email,workflow...
2026-03-06 22:49:15.394 [info] Got 0 sessions for read:user,repo,user:email,workflow...
2026-03-06 22:49:17.997 [info] Getting sessions for read:user,repo,user:email,workflow...
2026-03-06 22:49:17.998 [info] Got 0 sessions for read:user,repo,user:email,workflow...
2026-03-06 22:49:21.918 [info] Getting sessions for read:user,repo,user:email,workflow...
2026-03-06 22:49:21.918 [info] Got 0 sessions for read:user,repo,user:email,workflow...
2026-03-06 22:51:19.507 [info] Reading sessions from keychain...
2026-03-06 22:51:19.509 [info] Getting sessions for all scopes...
2026-03-06 22:51:19.509 [info] Got 0 sessions for ...
2026-03-06 22:51:19.509 [info] Getting sessions for all scopes...
2026-03-06 22:51:19.509 [info] Got 0 sessions for ...
2026-03-06 22:51:19.509 [info] Getting sessions for all scopes...
2026-03-06 22:51:19.509 [info] Got 0 sessions for ...
2026-03-06 22:51:19.509 [info] Getting sessions for all scopes...
2026-03-06 22:51:19.509 [info] Got 0 sessions for ...
2026-03-06 22:54:27.148 [info] Getting sessions for read:user,repo,user:email,workflow...
2026-03-06 22:54:27.149 [info] Got 0 sessions for read:user,repo,user:email,workflow...
2026-03-06 22:54:27.447 [info] Getting sessions for read:user,repo,user:email,workflow...
2026-03-06 22:54:27.488 [info] Got 0 sessions for read:user,repo,user:email,workflow...
2026-03-06 22:54:30.075 [info] Getting sessions for read:user,repo,user:email,workflow...
2026-03-06 22:54:30.076 [info] Got 0 sessions for read:user,repo,user:email,workflow...
2026-03-06 22:54:31.751 [info] Getting sessions for read:user,repo,user:email,workflow...
2026-03-06 22:54:31.751 [info] Got 0 sessions for read:user,repo,user:email,workflow...
2026-03-06 22:54:32.905 [info] Getting sessions for read:user,repo,user:email,workflow...
2026-03-06 22:54:32.905 [info] Got 0 sessions for read:user,repo,user:email,workflow...
2026-03-06 22:54:34.334 [info] Getting sessions for read:user,repo,user:email,workflow...
2026-03-06 22:54:34.334 [info] Got 0 sessions for read:user,repo,user:email,workflow...
2026-03-06 22:54:44.825 [info] Logging in with 'any' account...
2026-03-06 22:54:44.825 [info] Logging in for the following scopes: read:user repo user:email workflow
2026-03-06 22:54:45.567 [info] Trying device code flow... (read:user repo user:email workflow)
2026-03-06 22:54:46.533 [info] fetching: Node fetch succeeded (JSON)
2026-03-06 22:58:27.201 [info] Getting user info...
2026-03-06 22:58:27.588 [info] Got account info!
2026-03-06 22:58:27.589 [info] Storing 1 sessions...
2026-03-06 22:58:28.507 [info] Reading sessions from keychain...
2026-03-06 22:58:28.507 [info] Stored 1 sessions!
2026-03-06 22:58:28.508 [info] Login success!
2026-03-06 22:58:28.813 [info] Got stored sessions!
2026-03-06 22:58:28.813 [info] Got 1 verified sessions.
2026-03-06 22:58:29.247 [info] Getting sessions for read:user,repo,user:email,workflow...
2026-03-06 22:58:29.248 [info] Got 1 sessions for read:user,repo,user:email,workflow...
