2026-03-06 22:48:52.760 [info] Log level: Info
2026-03-06 22:49:11.771 [warning] [GitHubBranchProtectionProvider][updateRepositoryBranchProtection] Failed to update repository branch protection: No GitHub authentication session available.
2026-03-06 22:49:15.928 [warning] [GitHubBranchProtectionProvider][updateRepositoryBranchProtection] Failed to update repository branch protection: No GitHub authentication session available.
2026-03-06 22:49:18.245 [warning] [GitHubBranchProtectionProvider][updateRepositoryBranchProtection] Failed to update repository branch protection: No GitHub authentication session available.
2026-03-06 22:49:22.695 [warning] [GitHubBranchProtectionProvider][updateRepositoryBranchProtection] Failed to update repository branch protection: No GitHub authentication session available.
2026-03-06 22:51:26.541 [info] Log level: Info
2026-03-06 22:54:28.017 [warning] [GitHubBranchProtectionProvider][updateRepositoryBranchProtection] Failed to update repository branch protection: No GitHub authentication session available.
2026-03-06 22:54:30.540 [warning] [GitHubBranchProtectionProvider][updateRepositoryBranchProtection] Failed to update repository branch protection: No GitHub authentication session available.
2026-03-06 22:54:32.083 [warning] [GitHubBranchProtectionProvider][updateRepositoryBranchProtection] Failed to update repository branch protection: No GitHub authentication session available.
2026-03-06 22:54:33.579 [warning] [GitHubBranchProtectionProvider][updateRepositoryBranchProtection] Failed to update repository branch protection: No GitHub authentication session available.
2026-03-06 22:54:34.573 [warning] [GitHubSourceControlHistoryItemDetailsProvider][_loadAssignableUsers] Failed to load assignable user(s) for azehagowa-creator/Cache: Error: No GitHub authentication session available.
2026-03-06 22:58:32.337 [warning] [GitHubBranchProtectionProvider][updateRepositoryBranchProtection] Failed to update repository branch protection: Request failed due to following response errors:
 - Could not resolve to a Repository with the name 'unstoppabledomains/domain-profiles'.
2026-03-06 22:58:32.486 [warning] [GitHubBranchProtectionProvider][updateRepositoryBranchProtection] Failed to update repository branch protection: Request failed due to following response errors:
 - Could not resolve to a Repository with the name 'koagonzalo11/bin'.
2026-03-06 22:58:32.530 [warning] [GitHubBranchProtectionProvider][updateRepositoryBranchProtection] Failed to update repository branch protection: Request failed due to following response errors:
 - Could not resolve to a Repository with the name 'koagonzalo11/bin'.
2026-03-06 22:58:32.539 [warning] [GitHubBranchProtectionProvider][updateRepositoryBranchProtection] Failed to update repository branch protection: Request failed due to following response errors:
 - Could not resolve to a Repository with the name 'unstoppabledomains/domain-profiles'.
2026-03-06 22:58:32.584 [warning] [GitHubBranchProtectionProvider][updateRepositoryBranchProtection] Failed to update repository branch protection: Request failed due to following response errors:
 - Could not resolve to a Repository with the name 'unstoppabledomains/domain-profiles'.
2026-03-06 22:58:32.649 [warning] [GitHubBranchProtectionProvider][updateRepositoryBranchProtection] Failed to update repository branch protection: Request failed due to following response errors:
 - Could not resolve to a Repository with the name 'koagonzalo11/bin'.
2026-03-06 22:59:33.482 [info] [GitHubSourceControlHistoryItemDetailsProvider][_getCommitAuthor] Incomplete commit author for azehagowa-creator/Cache/67999d8e85777a0d82a262c692b52b2226d4281d: {"author":{"name":"genyo","email":"genyoungclip@gmail.com","avatarUrl":"https://camo.githubusercontent.com/69726f404ebec522ebeb335db5767c6294759eb304e0d305b5427165e6c33dca/68747470733a2f2f302e67726176617461722e636f6d2f6176617461722f34343663363366626435613434333662613231326264393734396130303839343f643d68747470732533412532462532466769746875622e6769746875626173736574732e636f6d253246696d6167657325324667726176617461727325324667726176617461722d757365722d3432302e706e6726723d67","user":null}}
2026-03-06 23:00:40.271 [warning] [GitHubSourceControlHistoryItemDetailsProvider][_loadAssignableUsers] Failed to load assignable user(s) for unstoppabledomains/domain-profiles: GraphqlResponseError: Request failed due to following response errors:
 - Could not resolve to a Repository with the name 'unstoppabledomains/domain-profiles'.
2026-03-06 23:02:13.773 [warning] [GitHubSourceControlHistoryItemDetailsProvider][_loadAssignableUsers] Failed to load assignable user(s) for koagonzalo11/bin: GraphqlResponseError: Request failed due to following response errors:
 - Could not resolve to a Repository with the name 'koagonzalo11/bin'.
